<?xml version="1.0" encoding="UTF-8"?>
<!-- Generated by org.testng.reporters.JUnitXMLReporter -->
<testsuite hostname="Daniels-MacBook-Pro.local" failures="0" tests="8" name="Command line test" time="0.202" errors="0" timestamp="13 Mar 2025 13:33:51 GMT">
  <testcase classname="org.elasticsearch.index.analysis.GreeklishConverterTest" name="testGreekTokenConversionForValidWords" time="0.025"/>
  <testcase classname="org.elasticsearch.index.analysis.GreeklishConverterTest" name="testGreekTokenConversionsForInvalidWords" time="0.002"/>
  <testcase classname="org.elasticsearch.index.analysis.GreeklishConverterTest" name="testGreekVariantsGeneration" time="0.002"/>
  <testcase classname="org.elasticsearch.index.analysis.GreeklishConverterTest" name="testMaxGreeklishExpansions" time="0.001"/>
  <testcase classname="org.elasticsearch.index.analysis.GreeklishGeneratorTest" name="testGreekTokenConversionForValidWords" time="0.001"/>
  <testcase classname="org.elasticsearch.index.analysis.GreeklishGeneratorTest" name="testMaxGreeklishWordGenerations" time="0.001"/>
  <testcase classname="org.elasticsearch.index.analysis.GreeklishReverseStemmerTest" name="testGenerationOfGreekVariants" time="0.002"/>
  <testcase classname="org.elasticsearch.index.analysis.GreeklishReverseStemmerTest" name="testNonMatchingWords" time="0.0"/>
</testsuite> <!-- Command line test -->
