<?xml version="1.0" encoding="UTF-8" ?>
<testsuite tests="8" failures="0" name="TestSuite" time="0.988" errors="0" skipped="0">
  <properties>
[...]
</properties>
  <testcase classname="org.elasticsearch.index.analysis.GreeklishConverterTest" name="testGreekTokenConversionForValidWords" time="0.022"/>
  <testcase classname="org.elasticsearch.index.analysis.GreeklishConverterTest" name="testGreekTokenConversionsForInvalidWords" time="0.001"/>
  <testcase classname="org.elasticsearch.index.analysis.GreeklishConverterTest" name="testGreekVariantsGeneration" time="0.002"/>
  <testcase classname="org.elasticsearch.index.analysis.GreeklishConverterTest" name="testMaxGreeklishExpansions" time="0.001"/>
  <testcase classname="org.elasticsearch.index.analysis.GreeklishGeneratorTest" name="testGreekTokenConversionForValidWords" time="0.002"/>
  <testcase classname="org.elasticsearch.index.analysis.GreeklishGeneratorTest" name="testMaxGreeklishWordGenerations" time="0.001"/>
  <testcase classname="org.elasticsearch.index.analysis.GreeklishReverseStemmerTest" name="testGenerationOfGreekVariants" time="0.002"/>
  <testcase classname="org.elasticsearch.index.analysis.GreeklishReverseStemmerTest" name="testNonMatchingWords" time="0"/>
</testsuite>